

times in msec
 clock   self+sourced   self:  sourced script
 clock   elapsed:              other lines

000.016  000.016: --- NVIM STARTING ---
000.118  000.102: event init
000.245  000.127: early init
016.378  016.133: locale set
016.450  000.073: init first window
017.131  000.680: inits 1
017.412  000.281: window checked
017.425  000.013: parsing arguments
018.462  000.279  000.279: require('vim.shared')
019.090  000.256  000.256: require('vim._meta')
019.097  000.620  000.364: require('vim._editor')
019.102  001.002  000.104: require('vim._init_packages')
019.112  000.684: init lua interpreter
019.190  000.078: expanding arguments
019.253  000.063: inits 2
019.808  000.554: init highlight
019.812  000.004: waiting for UI
022.914  003.102: done waiting for UI
022.950  000.036: init screen for UI
023.258  000.309: init default mappings
023.296  000.038: init default autocommands
025.264  000.146  000.146: sourcing C:\Program Files\Neovim\share\nvim\runtime\ftplugin.vim
025.666  000.085  000.085: sourcing C:\Program Files\Neovim\share\nvim\runtime\indent.vim
026.515  000.364  000.364: require('radial.config.options')
028.624  001.691  001.691: require('lazy')
028.682  000.019  000.019: require('ffi')
029.200  000.512  000.512: require('lazy.core.cache')
030.924  000.142  000.142: require('lazy.stats')
031.234  000.074  000.074: require('lazy.core.util')
031.327  000.086  000.086: require('lazy.core.config')
031.446  000.050  000.050: require('lazy.core.handler')
031.511  000.059  000.059: require('lazy.core.plugin')
031.519  000.186  000.077: require('lazy.core.loader')
032.513  000.050  000.050: require('radial.plugins.bufferline')
032.586  000.054  000.054: require('radial.plugins.colorscheme')
032.652  000.044  000.044: require('radial.plugins.comment')
032.718  000.052  000.052: require('radial.plugins.dashboard')
032.782  000.053  000.053: require('radial.plugins.file-explorer')
032.855  000.058  000.058: require('radial.plugins.indent-blankline')
032.919  000.053  000.053: require('radial.plugins.statusline')
032.987  000.054  000.054: require('radial.plugins.telescope')
033.053  000.049  000.049: require('radial.plugins.terminal')
033.116  000.052  000.052: require('radial.plugins.treesitter')
033.175  000.044  000.044: require('radial.plugins.vim-fugitive')
033.430  000.053  000.053: require('lazy.core.handler.keys')
033.491  000.053  000.053: require('lazy.core.handler.event')
033.544  000.047  000.047: require('lazy.core.handler.cmd')
033.597  000.046  000.046: require('lazy.core.handler.ft')
033.673  000.051  000.051: require('vim.keymap')
034.584  000.331  000.331: sourcing C:\Program Files\Neovim\share\nvim\runtime/filetype.lua
035.530  000.110  000.110: require('tokyonight.treesitter')
035.539  000.180  000.070: require('tokyonight.util')
035.788  000.087  000.087: require('tokyonight.colors')
035.797  000.253  000.166: require('tokyonight.theme')
035.964  000.163  000.163: require('tokyonight.config')
035.972  001.241  000.645: require('tokyonight')
042.171  000.022  000.022: require('vim.F')
042.204  000.162  000.140: require('vim.diagnostic')
042.381  000.044  000.044: require('vim.treesitter.language')
042.395  000.114  000.069: require('vim.treesitter.query')
042.459  000.060  000.060: require('vim.treesitter.languagetree')
042.503  000.282  000.109: require('vim.treesitter')
042.580  000.071  000.071: require('vim.treesitter.highlighter')
044.456  003.036  002.521: sourcing C:\Users\radia\AppData\Local\nvim-data\lazy\tokyonight.nvim\colors\tokyonight-moon.lua
045.394  000.369  000.369: sourcing C:\Program Files\Neovim\share\nvim\runtime/plugin/gzip.vim
045.614  000.037  000.037: sourcing C:\Program Files\Neovim\share\nvim\runtime/plugin/health.vim
045.875  000.079  000.079: sourcing C:\Program Files\Neovim\share\nvim\runtime/plugin/man.lua
047.631  000.413  000.413: sourcing C:\Program Files\Neovim\share\nvim\runtime\pack\dist\opt\matchit\plugin\matchit.vim
047.988  001.936  001.523: sourcing C:\Program Files\Neovim\share\nvim\runtime/plugin/matchit.vim
048.429  000.234  000.234: sourcing C:\Program Files\Neovim\share\nvim\runtime/plugin/matchparen.vim
049.389  000.654  000.654: sourcing C:\Program Files\Neovim\share\nvim\runtime/plugin/netrwPlugin.vim
050.226  000.633  000.633: sourcing C:\Program Files\Neovim\share\nvim\runtime/plugin/rplugin.vim
050.654  000.213  000.213: sourcing C:\Program Files\Neovim\share\nvim\runtime/plugin/shada.vim
050.977  000.080  000.080: sourcing C:\Program Files\Neovim\share\nvim\runtime/plugin/spellfile.vim
051.376  000.207  000.207: sourcing C:\Program Files\Neovim\share\nvim\runtime/plugin/tarPlugin.vim
051.805  000.198  000.198: sourcing C:\Program Files\Neovim\share\nvim\runtime/plugin/tohtml.vim
052.113  000.053  000.053: sourcing C:\Program Files\Neovim\share\nvim\runtime/plugin/tutor.vim
052.547  000.223  000.223: sourcing C:\Program Files\Neovim\share\nvim\runtime/plugin/zipPlugin.vim
052.816  026.287  013.239: require('radial.config.lazy')
052.829  026.768  000.117: sourcing C:\Users\radia\AppData\Local\nvim\init.lua
052.871  002.576: sourcing vimrc file(s)
053.865  000.061  000.061: sourcing C:\Program Files\Neovim\share\nvim\runtime\filetype.lua
054.098  000.032  000.032: sourcing C:\Program Files\Neovim\share\nvim\runtime\filetype.vim
054.782  000.121  000.121: sourcing C:\Program Files\Neovim\share\nvim\runtime\syntax\synload.vim
054.931  000.569  000.448: sourcing C:\Program Files\Neovim\share\nvim\runtime\syntax\syntax.vim
054.972  001.440: inits 3
058.204  003.232: reading ShaDa
058.324  000.120: opening buffers
058.468  000.143: BufEnter autocommands
058.474  000.007: editing files in windows
059.956  001.155  001.155: require('alpha.themes.dashboard')
060.217  000.208  000.208: require('alpha')
064.116  004.279: VimEnter autocommands
064.690  000.574: UIEnter autocommands
064.700  000.009: before starting main loop
065.736  001.036: first screen update
065.742  000.006: --- NVIM STARTED ---
